#
# There is insufficient memory for the Java Runtime Environment to continue.
# Native memory allocation (malloc) failed to allocate 1048576 bytes for AllocateHeap
# Possible reasons:
#   The system is out of physical RAM or swap space
#   The process is running with CompressedOops enabled, and the Java Heap may be blocking the growth of the native heap
# Possible solutions:
#   Reduce memory load on the system
#   Increase physical memory or swap space
#   Check if swap backing store is full
#   Decrease Java heap size (-Xmx/-Xms)
#   Decrease number of Java threads
#   Decrease Java thread stack sizes (-Xss)
#   Set larger code cache with -XX:ReservedCodeCacheSize=
#   JVM is running with Unscaled Compressed Oops mode in which the Java heap is
#     placed in the first 4GB address space. The Java Heap base address is the
#     maximum limit for the native heap growth. Please use -XX:HeapBaseMinAddress
#     to set the Java Heap base and to place the Java Heap above 4GB virtual address.
# This output file may be truncated or incomplete.
#
#  Out of Memory Error (memory/allocation.inline.hpp:61), pid=14112, tid=0x00000000000046c0
#
# JRE version:  (8.0_271-b09) (build )
# Java VM: Java HotSpot(TM) 64-Bit Server VM (25.271-b09 mixed mode windows-amd64 compressed oops)
# Failed to write core dump. Minidumps are not enabled by default on client versions of Windows
#

---------------  T H R E A D  ---------------

Current thread (0x00000253635fc800):  JavaThread "Unknown thread" [_thread_in_vm, id=18112, stack(0x000000d89f500000,0x000000d89f600000)]

Stack: [0x000000d89f500000,0x000000d89f600000]
Native frames: (J=compiled Java code, j=interpreted, Vv=VM code, C=native code)
V  [jvm.dll+0x33f6c9]
V  [jvm.dll+0x286122]
V  [jvm.dll+0x286dcd]
V  [jvm.dll+0x27d805]
V  [jvm.dll+0x1565d]
V  [jvm.dll+0x3d98d8]
V  [jvm.dll+0x3da5ca]
V  [jvm.dll+0x3d6637]
V  [jvm.dll+0x10cfff]
V  [jvm.dll+0x21ab2b]
V  [jvm.dll+0x2494e7]
V  [jvm.dll+0x172a76]
C  [java.exe+0x2312]
C  [java.exe+0x15f54]
C  [KERNEL32.DLL+0x18102]
C  [ntdll.dll+0x5c264]


---------------  P R O C E S S  ---------------

Java Threads: ( => current thread )

Other Threads:

=>0x00000253635fc800 (exited) JavaThread "Unknown thread" [_thread_in_vm, id=18112, stack(0x000000d89f500000,0x000000d89f600000)]

VM state:not at safepoint (normal execution)

VM Mutex/Monitor currently owned by a thread: None

heap address: 0x00000000c1c00000, size: 996 MB, Compressed Oops mode: 32-bit
Narrow klass base: 0x0000000000000000, Narrow klass shift: 3
Compressed class space size: 1073741824 Address: 0x0000000100000000

Heap:
 PSYoungGen      total 18944K, used 327K [0x00000000eb400000, 0x00000000ec900000, 0x0000000100000000)
  eden space 16384K, 2% used [0x00000000eb400000,0x00000000eb451ec8,0x00000000ec400000)
  from space 2560K, 0% used [0x00000000ec680000,0x00000000ec680000,0x00000000ec900000)
  to   space 2560K, 0% used [0x00000000ec400000,0x00000000ec400000,0x00000000ec680000)
 ParOldGen       total 44032K, used 0K [0x00000000c1c00000, 0x00000000c4700000, 0x00000000eb400000)
  object space 44032K, 0% used [0x00000000c1c00000,0x00000000c1c00000,0x00000000c4700000)
 Metaspace       used 776K, capacity 4480K, committed 4480K, reserved 1056768K
  class space    used 76K, capacity 384K, committed 384K, reserved 1048576K

Card table byte_map: [0x0000025374280000,0x0000025374480000] byte_map_base: 0x0000025373c72000

Marking Bits: (ParMarkBitMap*) 0x000000005e3d7fe0
 Begin Bits: [0x00000253745d0000, 0x0000025375560000)
 End Bits:   [0x0000025375560000, 0x00000253764f0000)

Polling page: 0x00000253635c0000

CodeCache: size=245760Kb used=328Kb max_used=328Kb free=245431Kb
 bounds [0x0000025364ec0000, 0x0000025365130000, 0x0000025373ec0000]
 total_blobs=58 nmethods=0 adapters=38
 compilation: enabled

Compilation events (0 events):
No events

GC Heap History (0 events):
No events

Deoptimization events (0 events):
No events

Classes redefined (0 events):
No events

Internal exceptions (0 events):
No events

Events (10 events):
Event: 0.038 loading class java/lang/Short
Event: 0.038 loading class java/lang/Short done
Event: 0.038 loading class java/lang/Integer
Event: 0.038 loading class java/lang/Integer done
Event: 0.038 loading class java/lang/Long
Event: 0.038 loading class java/lang/Long done
Event: 0.038 loading class java/lang/NullPointerException
Event: 0.038 loading class java/lang/NullPointerException done
Event: 0.038 loading class java/lang/ArithmeticException
Event: 0.038 loading class java/lang/ArithmeticException done


Dynamic libraries:
0x00007ff7d9e40000 - 0x00007ff7d9e87000 	C:\Program Files\Java\jdk1.8.0_271\bin\java.exe
0x00007ff8890b0000 - 0x00007ff889271000 	C:\Windows\SYSTEM32\ntdll.dll
0x00007ff887610000 - 0x00007ff8876bd000 	C:\Windows\system32\KERNEL32.DLL
0x00007ff8861a0000 - 0x00007ff886388000 	C:\Windows\system32\KERNELBASE.dll
0x00007ff8871d0000 - 0x00007ff887277000 	C:\Windows\system32\ADVAPI32.dll
0x00007ff886860000 - 0x00007ff8868fd000 	C:\Windows\system32\msvcrt.dll
0x00007ff887170000 - 0x00007ff8871cb000 	C:\Windows\system32\sechost.dll
0x00007ff8864b0000 - 0x00007ff8865cc000 	C:\Windows\system32\RPCRT4.dll
0x00007ff887010000 - 0x00007ff887166000 	C:\Windows\system32\USER32.dll
0x00007ff888f20000 - 0x00007ff8890a6000 	C:\Windows\system32\GDI32.dll
0x00007ff87d860000 - 0x00007ff87dad4000 	C:\Windows\WinSxS\amd64_microsoft.windows.common-controls_6595b64144ccf1df_6.0.10586.0_none_8c15ae12515e1c22\COMCTL32.dll
0x00007ff887310000 - 0x00007ff88758d000 	C:\Windows\system32\combase.dll
0x00007ff886390000 - 0x00007ff8863fa000 	C:\Windows\system32\bcryptPrimitives.dll
0x00007ff886760000 - 0x00007ff88679b000 	C:\Windows\system32\IMM32.DLL
0x00007ff8799d0000 - 0x00007ff8799e5000 	C:\Program Files\Java\jdk1.8.0_271\jre\bin\vcruntime140.dll
0x00007ff884760000 - 0x00007ff884854000 	C:\Windows\SYSTEM32\ucrtbase.dll
0x00007ff86d330000 - 0x00007ff86d3cb000 	C:\Program Files\Java\jdk1.8.0_271\jre\bin\msvcp140.dll
0x000000005dbe0000 - 0x000000005e44f000 	C:\Program Files\Java\jdk1.8.0_271\jre\bin\server\jvm.dll
0x00007ff887000000 - 0x00007ff887008000 	C:\Windows\system32\PSAPI.DLL
0x00007ff8848b0000 - 0x00007ff8848ba000 	C:\Windows\SYSTEM32\VERSION.dll
0x00007ff875520000 - 0x00007ff875529000 	C:\Windows\SYSTEM32\WSOCK32.dll
0x00007ff883ac0000 - 0x00007ff883ae3000 	C:\Windows\SYSTEM32\WINMM.dll
0x00007ff887590000 - 0x00007ff8875fb000 	C:\Windows\system32\WS2_32.dll
0x00007ff883a90000 - 0x00007ff883abc000 	C:\Windows\SYSTEM32\winmmbase.dll
0x00007ff885850000 - 0x00007ff885893000 	C:\Windows\system32\cfgmgr32.dll
0x00007ff885700000 - 0x00007ff88570f000 	C:\Windows\system32\kernel.appcore.dll
0x00007ff882c60000 - 0x00007ff882c70000 	C:\Program Files\Java\jdk1.8.0_271\jre\bin\verify.dll
0x00007ff877b30000 - 0x00007ff877b5b000 	C:\Program Files\Java\jdk1.8.0_271\jre\bin\java.dll
0x00007ff8799b0000 - 0x00007ff8799c8000 	C:\Program Files\Java\jdk1.8.0_271\jre\bin\zip.dll
0x00007ff859300000 - 0x00007ff85948c000 	C:\Windows\SYSTEM32\dbghelp.dll

VM Arguments:
jvm_args: -Dfile.encoding=UTF-8 
java_command: electricity.billingsystem.Signup
java_class_path (initial): C:\Program Files\NetBeans 8.2\ide\modules\ext\mysql-connector-java-5.1.23-bin.jar;C:\Users\HP USER\Documents\NetBeansProjects\Electricity BillingSystem\build\classes
Launcher Type: SUN_STANDARD

Environment Variables:
JAVA_HOME=C:\Program Files\Java\jdk1.8.0_271
PATH=C:\Program Files (x86)\Common Files\Oracle\Java\javapath;C:\Program Files (x86)\Intel\iCLS Client\;C:\Program Files\Intel\iCLS Client\;C:\Windows\system32;C:\Windows;C:\Windows\System32\Wbem;C:\Windows\System32\WindowsPowerShell\v1.0\;C:\Program Files (x86)\Intel\Intel(R) Management Engine Components\DAL;C:\Program Files\Intel\Intel(R) Management Engine Components\DAL;C:\Program Files (x86)\Intel\Intel(R) Management Engine Components\IPT;C:\Program Files\Intel\Intel(R) Management Engine Components\IPT;C:\Program Files (x86)\AMD\ATI.ACE\Core-Static;c:\Program Files\Intel\WiFi\bin\;c:\Program Files\Common Files\Intel\WirelessCommon\;C:\Program Files\Git\cmd;C:\Program Files\Java\jdk1.8.0_271\bin;c:\Program Files\Intel\WiFi\bin\;c:\Program Files\Common Files\Intel\WirelessCommon\;C:\Users\HP USER\AppData\Local\Programs\Microsoft VS Code\bin
USERNAME=HP USER
OS=Windows_NT
PROCESSOR_IDENTIFIER=Intel64 Family 6 Model 60 Stepping 3, GenuineIntel



---------------  S Y S T E M  ---------------

OS: Windows 10.0 , 64 bit Build 10586 (10.0.10586.0)

CPU:total 4 (initial active 4) (2 cores per cpu, 2 threads per core) family 6 model 60 stepping 3, cmov, cx8, fxsr, mmx, sse, sse2, sse3, ssse3, sse4.1, sse4.2, popcnt, avx, avx2, aes, clmul, erms, lzcnt, ht, tsc, tscinvbit, bmi1, bmi2

Memory: 4k page, physical 4072556k(506748k free), swap 16655468k(5764k free)

vm_info: Java HotSpot(TM) 64-Bit Server VM (25.271-b09) for windows-amd64 JRE (1.8.0_271-b09), built on Sep 16 2020 19:14:59 by "" with MS VC++ 15.9 (VS2017)

time: Fri Dec 11 20:33:30 2020
timezone: Bangladesh Standard Time
elapsed time: 0.049044 seconds (0d 0h 0m 0s)

